2023-05-31 00:11:39.907 DEBUG [293664]     RemoteLog url: http://logs.81plug.com/std_stove
2023-05-31 00:11:39.909 INFO  [293664] --> StovePC_SetStat
2023-05-31 00:11:39.909 DEBUG [293664]     URL: https://api.onstove.com/stats/v2.0/service/NTIMES_IND_DEMO_01_IND/member/150623963/RECORD_LEVEL
2023-05-31 00:11:39.909 DEBUG [293664]     log data:
 {"action_info":{"action_param":{},"action_type":"pcsdk.setstat.success"},"client_time":"2023-05-31 00:11:39","custom_action_info":null,"device_os":"Windows 10(10.0), 10.0.22621, 64bit","environment":"live","game_id":"NTIMES_IND_DEMO_01_IND","guid":"","log_source_type":"pc_sdk","member_no":"150623963","protocol_type":"ipc","sdk_version":"2.5.0"}
2023-05-31 00:11:39.909 DEBUG [293664]     RemoteLog url: http://logs.81plug.com/std_stove
2023-05-31 00:11:39.929 DEBUG [386560]     -StoveLog rest: response is 200
2023-05-31 00:11:39.929 DEBUG [386560]      -  Send remote log success.
2023-05-31 00:11:40.032 DEBUG [380528]     -stats rest: response is 200
2023-05-31 00:11:40.032 INFO  [380528]     - parseSetStat
2023-05-31 00:11:40.032 DEBUG [380528]     <StovePCStatValue>
current_value: 10
updated: 0
error_message: 
2023-05-31 00:11:40.032 DEBUG [380528]     log data:
 {"action_info":{"action_param":{},"action_type":"pcsdk.onsetstat"},"client_time":"2023-05-31 00:11:40","custom_action_info":null,"device_os":"Windows 10(10.0), 10.0.22621, 64bit","environment":"live","game_id":"NTIMES_IND_DEMO_01_IND","guid":"","log_source_type":"pc_sdk","member_no":"150623963","protocol_type":"ipc","sdk_version":"2.5.0"}
2023-05-31 00:11:40.032 DEBUG [380528]     RemoteLog url: http://logs.81plug.com/std_stove
2023-05-31 00:11:40.032 DEBUG [380528]     SetStat callback push queue
2023-05-31 00:11:40.051 DEBUG [380528]     -StoveLog rest: response is 200
2023-05-31 00:11:40.051 DEBUG [380528]      -  Send remote log success.
2023-05-31 00:11:40.155 DEBUG [386532]     -StoveLog rest: response is 200
2023-05-31 00:11:40.155 DEBUG [386532]      -  Send remote log success.
2023-05-31 00:11:40.463 DEBUG [293664]     log data:
 {"action_info":{"action_param":{},"action_type":"pcsdk.getrank.try"},"client_time":"2023-05-31 00:11:40","custom_action_info":null,"device_os":"Windows 10(10.0), 10.0.22621, 64bit","environment":"live","game_id":"NTIMES_IND_DEMO_01_IND","guid":"","log_source_type":"pc_sdk","member_no":"150623963","protocol_type":"ipc","sdk_version":"2.5.0"}
2023-05-31 00:11:40.463 DEBUG [293664]     RemoteLog url: http://logs.81plug.com/std_stove
2023-05-31 00:11:40.463 INFO  [293664] --> StovePC_GetRank
2023-05-31 00:11:40.463 DEBUG [293664]     URL: https://api.onstove.com/zelos/v2.0/rank/NTIMES_IND_DEMO_01_IND|RECORD_LEVEL?page_index=1&page_size=100&user_id=150623963
2023-05-31 00:11:40.463 DEBUG [293664]     log data:
 {"action_info":{"action_param":{},"action_type":"pcsdk.getrank.success"},"client_time":"2023-05-31 00:11:40","custom_action_info":null,"device_os":"Windows 10(10.0), 10.0.22621, 64bit","environment":"live","game_id":"NTIMES_IND_DEMO_01_IND","guid":"","log_source_type":"pc_sdk","member_no":"150623963","protocol_type":"ipc","sdk_version":"2.5.0"}
2023-05-31 00:11:40.463 DEBUG [293664]     RemoteLog url: http://logs.81plug.com/std_stove
2023-05-31 00:11:40.488 DEBUG [386440]     -StoveLog rest: response is 200
2023-05-31 00:11:40.488 DEBUG [386440]      -  Send remote log success.
2023-05-31 00:11:40.612 DEBUG [386440]     -leaderboard rest: response is 200
2023-05-31 00:11:40.612 INFO  [386440]     - parseGetRank
2023-05-31 00:11:40.612 DEBUG [386440]     rank size 2
2023-05-31 00:11:40.612 DEBUG [386440]     <StovePCRank>
(Index: 0)
member_no: 150623963
score: 10
rank: 1
nickname: 박새겨리
profile_image: https://d2h5doj4xlbun0.cloudfront.net/member-0.0.1367/images/share/profile/img_default04.png
(Index: 1)
member_no: 150623963
score: 10
rank: 1
nickname: 박새겨리
profile_image: https://d2h5doj4xlbun0.cloudfront.net/member-0.0.1367/images/share/profile/img_default04.png
2023-05-31 00:11:40.612 DEBUG [386440]     log data:
 {"action_info":{"action_param":{},"action_type":"pcsdk.onrank"},"client_time":"2023-05-31 00:11:40","custom_action_info":null,"device_os":"Windows 10(10.0), 10.0.22621, 64bit","environment":"live","game_id":"NTIMES_IND_DEMO_01_IND","guid":"","log_source_type":"pc_sdk","member_no":"150623963","protocol_type":"ipc","sdk_version":"2.5.0"}
2023-05-31 00:11:40.612 DEBUG [386440]     RemoteLog url: http://logs.81plug.com/std_stove
2023-05-31 00:11:40.612 DEBUG [386440]     GetRank callback push queue
2023-05-31 00:11:40.632 DEBUG [386532]     -StoveLog rest: response is 200
2023-05-31 00:11:40.632 DEBUG [386532]      -  Send remote log success.
2023-05-31 00:11:40.717 DEBUG [386532]     -StoveLog rest: response is 200
2023-05-31 00:11:40.717 DEBUG [386532]      -  Send remote log success.
2023-05-31 00:11:47.121 DEBUG [293664]     log data:
 {"action_info":{"action_param":{},"action_type":"pcsdk.getrank.try"},"client_time":"2023-05-31 00:11:47","custom_action_info":null,"device_os":"Windows 10(10.0), 10.0.22621, 64bit","environment":"live","game_id":"NTIMES_IND_DEMO_01_IND","guid":"","log_source_type":"pc_sdk","member_no":"150623963","protocol_type":"ipc","sdk_version":"2.5.0"}
2023-05-31 00:11:47.121 DEBUG [293664]     RemoteLog url: http://logs.81plug.com/std_stove
2023-05-31 00:11:47.121 INFO  [293664] --> StovePC_GetRank
2023-05-31 00:11:47.121 DEBUG [293664]     URL: https://api.onstove.com/zelos/v2.0/rank/NTIMES_IND_DEMO_01_IND|GROWTH_LEVEL?page_index=1&page_size=100&user_id=150623963
2023-05-31 00:11:47.121 DEBUG [293664]     log data:
 {"action_info":{"action_param":{},"action_type":"pcsdk.getrank.success"},"client_time":"2023-05-31 00:11:47","custom_action_info":null,"device_os":"Windows 10(10.0), 10.0.22621, 64bit","environment":"live","game_id":"NTIMES_IND_DEMO_01_IND","guid":"","log_source_type":"pc_sdk","member_no":"150623963","protocol_type":"ipc","sdk_version":"2.5.0"}
2023-05-31 00:11:47.121 DEBUG [293664]     RemoteLog url: http://logs.81plug.com/std_stove
2023-05-31 00:11:47.145 DEBUG [386392]     -StoveLog rest: response is 200
2023-05-31 00:11:47.145 DEBUG [386392]      -  Send remote log success.
2023-05-31 00:11:47.145 DEBUG [380528]     -StoveLog rest: response is 200
2023-05-31 00:11:47.145 DEBUG [380528]      -  Send remote log success.
2023-05-31 00:11:47.302 DEBUG [380528]     -leaderboard rest: response is 200
2023-05-31 00:11:47.302 INFO  [380528]     - parseGetRank
2023-05-31 00:11:47.302 DEBUG [380528]     rank size 2
2023-05-31 00:11:47.302 DEBUG [380528]     <StovePCRank>
(Index: 0)
member_no: 150623963
score: 2
rank: 1
nickname: 박새겨리
profile_image: https://d2h5doj4xlbun0.cloudfront.net/member-0.0.1367/images/share/profile/img_default04.png
(Index: 1)
member_no: 150623963
score: 2
rank: 1
nickname: 박새겨리
profile_image: https://d2h5doj4xlbun0.cloudfront.net/member-0.0.1367/images/share/profile/img_default04.png
2023-05-31 00:11:47.302 DEBUG [380528]     log data:
 {"action_info":{"action_param":{},"action_type":"pcsdk.onrank"},"client_time":"2023-05-31 00:11:47","custom_action_info":null,"device_os":"Windows 10(10.0), 10.0.22621, 64bit","environment":"live","game_id":"NTIMES_IND_DEMO_01_IND","guid":"","log_source_type":"pc_sdk","member_no":"150623963","protocol_type":"ipc","sdk_version":"2.5.0"}
2023-05-31 00:11:47.302 DEBUG [380528]     RemoteLog url: http://logs.81plug.com/std_stove
2023-05-31 00:11:47.302 DEBUG [380528]     GetRank callback push queue
2023-05-31 00:11:47.322 DEBUG [380528]     -StoveLog rest: response is 200
2023-05-31 00:11:47.322 DEBUG [380528]      -  Send remote log success.
2023-05-31 00:14:10.125 DEBUG [293664]     log data:
 {"action_info":{"action_param":{},"action_type":"pcsdk.uninit.try"},"client_time":"2023-05-31 00:14:10","custom_action_info":null,"device_os":"Windows 10(10.0), 10.0.22621, 64bit","environment":"live","game_id":"NTIMES_IND_DEMO_01_IND","guid":"","log_source_type":"pc_sdk","member_no":"150623963","protocol_type":"ipc","sdk_version":"2.5.0"}
2023-05-31 00:14:10.125 DEBUG [293664]     RemoteLog url: http://logs.81plug.com/std_stove
2023-05-31 00:14:10.125 INFO  [293664] --> StovePC_UnInit
2023-05-31 00:14:10.125 DEBUG [293664]     log data:
 {"action_info":{"action_param":{},"action_type":"pcsdk.uninit.success"},"client_time":"2023-05-31 00:14:10","custom_action_info":null,"device_os":"Windows 10(10.0), 10.0.22621, 64bit","environment":"live","game_id":"NTIMES_IND_DEMO_01_IND","guid":"","log_source_type":"pc_sdk","member_no":"150623963","protocol_type":"ipc","sdk_version":"2.5.0"}
2023-05-31 00:14:10.125 DEBUG [293664]     RemoteLog url: http://logs.81plug.com/std_stove
2023-05-31 00:14:10.161 DEBUG [388860]     -StoveLog rest: response is 200
2023-05-31 00:14:10.161 DEBUG [388860]      -  Send remote log success.
2023-05-31 00:14:10.161 DEBUG [365024]     -StoveLog rest: response is 200
2023-05-31 00:14:10.162 DEBUG [365024]      -  Send remote log success.
2023-05-31 00:15:17.394 INFO  [293664] file Appender.(level: DEBUG)
2023-05-31 00:15:17.394 INFO  [293664] Log file path: C:\Users\PSG\Desktop\Capstone-Design-Project\StovePCSDK.log
2023-05-31 00:15:17.395 INFO  [293664] ---------------------------------------------
2023-05-31 00:15:17.395 INFO  [293664] StovePCSDK(ver:2.5.0)
2023-05-31 00:15:17.395 INFO  [293664] ---------------------------------------------
2023-05-31 00:15:17.395 DEBUG [293664]     osPlatform : 64bit
2023-05-31 00:15:17.395 DEBUG [293664]     osVersion : Windows 10(10.0), 10.0.22621, 64bit
2023-05-31 00:15:17.395 DEBUG [293664] commandline : C:\Program Files\Unity\Hub\Editor\2021.3.20f1\Editor\Unity.exe
2023-05-31 00:15:17.395 DEBUG [293664] commandline : -projectpath
2023-05-31 00:15:17.395 DEBUG [293664] commandline : C:\Users\PSG\Desktop\Capstone-Design-Project
2023-05-31 00:15:17.395 DEBUG [293664] commandline : -useHub
2023-05-31 00:15:17.395 DEBUG [293664] commandline : -hubIPC
2023-05-31 00:15:17.395 DEBUG [293664] commandline : -cloudEnvironment
2023-05-31 00:15:17.395 DEBUG [293664] commandline : production
2023-05-31 00:15:17.395 DEBUG [293664] commandline : -licensingIpc
2023-05-31 00:15:17.395 DEBUG [293664] commandline : LicenseClient-PSG
2023-05-31 00:15:17.395 DEBUG [293664] commandline : -hubSessionId
2023-05-31 00:15:17.395 DEBUG [293664] commandline : 750af6b6-1d84-43b6-adc2-b6111fdee2bc
2023-05-31 00:15:17.395 DEBUG [293664] commandline : -accessToken
2023-05-31 00:15:17.395 DEBUG [293664] commandline : C3ZDtFJbnaAg0QbY6MxAAWiBk11Mn24-JhsCr5kZIPU00df
2023-05-31 00:15:17.395 DEBUG [293664]     init tasks
2023-05-31 00:15:17.395 DEBUG [293664]     transactionId : 665b2bbe-77d6-4d15-8261-16eb5c76c378
2023-05-31 00:15:17.395 DEBUG [293664]     HKEY_CURRENT_USER : FFFFFFFF80000001
2023-05-31 00:15:17.395 DEBUG [293664]     subkey : SOFTWARE\SGUP
2023-05-31 00:15:17.395 DEBUG [293664]     RegOpenKeyEx : 0
2023-05-31 00:15:17.395 DEBUG [293664]     RegQueryValueEx : 0, size : 82
2023-05-31 00:15:17.395 DEBUG [293664]     RegQueryValueEx : 0
2023-05-31 00:15:17.395 DEBUG [293664]     callerDetail : a052e580503e3c1b4e73b7950c90dea5a26014a8
2023-05-31 00:15:17.395 INFO  [293664] protocol data from ipc
2023-05-31 00:15:17.395 INFO  [293664]     Init sgup success
2023-05-31 00:15:17.396 DEBUG [389764]     Get Server Config(url: https://api.onstove.com/ssg/default/clients/pcsdk/2.0.0/PCSDKConfig/)
2023-05-31 00:15:17.396 DEBUG [293664] --> Elapsed times(until main return): 1ms
2023-05-31 00:15:17.565 INFO  [388884]     Get constants has succeed.
2023-05-31 00:15:17.566 INFO  [389764]     Log SetEnable is true
2023-05-31 00:15:17.566 DEBUG [389764]     log data:
 {"action_info":{"action_param":{},"action_type":"pcsdk.init.try_async"},"client_time":"2023-05-31 00:15:17","custom_action_info":null,"device_os":"Windows 10(10.0), 10.0.22621, 64bit","environment":"live","game_id":"NTIMES_IND_DEMO_01_IND","guid":"","log_source_type":"pc_sdk","member_no":"","protocol_type":"ipc","sdk_version":"2.5.0"}
2023-05-31 00:15:17.566 DEBUG [389764]     RemoteLog url: http://logs.81plug.com/std_stove
2023-05-31 00:15:17.566 INFO  [389764] --> SGUPAPI_GetAuthToken
2023-05-31 00:15:17.566 INFO  [389764]      current process id: 293660
2023-05-31 00:15:17.566 DEBUG [389764]      game id : NTIMES_IND_DEMO_01_IND
2023-05-31 00:15:17.588 DEBUG [388860]     -StoveLog rest: response is 200
2023-05-31 00:15:17.588 DEBUG [388860]      -  Send remote log success.
2023-05-31 00:15:19.182 INFO  [293664] <-- OnGetAccessToken
2023-05-31 00:15:19.182 DEBUG [293664]     <TokenInfo>
errorCode: 0
access : eyJhbGciOiJIUzI1NiJ9.eyJleHBpcmVfdGltZSI6MTY4NTQ4MTMxNzk3NSwibWVtYmVyX25vIjoxNTA2MjM5NjMsImFwcGxpY2F0aW9uX25vIjoxMDAzMDg0fQ.UrPgknOwx5hwAfwCtouGGfHliCwYAmcvmpmSGMatiKG3bqBdb2QuPKO-L83-TaqvX6uTKnrUlPwqitYWlIiFUnxKHf8AxAvyFOB2eOdIZ7lqu0k9wJOTU236NVBZfLhPYSepRAJcD-UOaIP3f0pzPpRC6M2xbeWd-skqGIizu3PE0klCuTOQ3g1sli7LNAeOO4H2VubY3mPbouYtDGek8YpgbLDid_tcjzIADs0KUQZ6csGe4-kW-Y5-V4-QSC-IzYm3yybclX233APniXpsFLpi4vAcYMpF5MOPMjgzit8
refresh: UrPgknOwx5hwAfwCtouGGfHliCwYAmcvmpmSGMatiKG3bqBdb2QuPKO-L83-TaqvX6uTKnrUlPwqitYWlIiFUlgS06L5zSEUjCfSaFpvTTuLnUmxnBLdBanqJPioZgeNONixnIHsgcfuLuwF6ZrI6xGkbov4zeofcWsEXxCHTUThQWrFmdwlZCAw9AP5QsJoEnslhrd0HNSHYeoi5Ry_-J9tUyUBTqfHDGZKPzzpQjWQvvbfsMmhMG9Oj-4zD1HgPmqxMxJbqqbEvgF9-ucyWA
expire: 21600
canSkipOwnership: false
2023-05-31 00:15:19.182 INFO  [293664]     received origin token from launcher
2023-05-31 00:15:19.183 DEBUG [293664]     <Dlc's>
2023-05-31 00:15:19.183 DEBUG [293664]     token timer duration : 5h 50m 0s
2023-05-31 00:15:19.183 DEBUG [389764]     URL: https://api.onstove.com/member/v1.0
2023-05-31 00:15:19.258 DEBUG [388884]     -member rest: response is 200
2023-05-31 00:15:19.258 INFO  [388884]     - parseGetMember
2023-05-31 00:15:19.258 DEBUG [388884]     <InternalMember>
member_no : 150623963
nickname : 박새겨리
2023-05-31 00:15:19.259 DEBUG [388884]     log data:
 {"action_info":{"action_param":{},"action_type":"pcsdk.onmember"},"client_time":"2023-05-31 00:15:19","custom_action_info":null,"device_os":"Windows 10(10.0), 10.0.22621, 64bit","environment":"live","game_id":"NTIMES_IND_DEMO_01_IND","guid":"","log_source_type":"pc_sdk","member_no":"","protocol_type":"ipc","sdk_version":"2.5.0"}
2023-05-31 00:15:19.259 DEBUG [388884]     RemoteLog url: http://logs.81plug.com/std_stove
2023-05-31 00:15:19.259 DEBUG [388884]     <InternalUserInfo>
memberNo : 150623963
nickname : 박새겨리
2023-05-31 00:15:19.259 DEBUG [389764] --> Elapsed times(until onInit callback push): 1863ms
2023-05-31 00:15:19.259 DEBUG [389764]     log data:
 {"action_info":{"action_param":{},"action_type":"pcsdk.oninitcomplete"},"client_time":"2023-05-31 00:15:19","custom_action_info":null,"device_os":"Windows 10(10.0), 10.0.22621, 64bit","environment":"live","game_id":"NTIMES_IND_DEMO_01_IND","guid":"","log_source_type":"pc_sdk","member_no":"150623963","protocol_type":"ipc","sdk_version":"2.5.0"}
2023-05-31 00:15:19.259 DEBUG [389764]     RemoteLog url: http://logs.81plug.com/std_stove
2023-05-31 00:15:19.259 DEBUG [389764] commandline : C:\Program Files\Unity\Hub\Editor\2021.3.20f1\Editor\Unity.exe
2023-05-31 00:15:19.259 DEBUG [389764] commandline : -projectpath
2023-05-31 00:15:19.259 DEBUG [389764] commandline : C:\Users\PSG\Desktop\Capstone-Design-Project
2023-05-31 00:15:19.259 DEBUG [389764] commandline : -useHub
2023-05-31 00:15:19.259 DEBUG [389764] commandline : -hubIPC
2023-05-31 00:15:19.259 DEBUG [389764] commandline : -cloudEnvironment
2023-05-31 00:15:19.259 DEBUG [389764] commandline : production
2023-05-31 00:15:19.259 DEBUG [389764] commandline : -licensingIpc
2023-05-31 00:15:19.259 DEBUG [389764] commandline : LicenseClient-PSG
2023-05-31 00:15:19.259 DEBUG [389764] commandline : -hubSessionId
2023-05-31 00:15:19.259 DEBUG [389764] commandline : 750af6b6-1d84-43b6-adc2-b6111fdee2bc
2023-05-31 00:15:19.259 DEBUG [389764] commandline : -accessToken
2023-05-31 00:15:19.259 DEBUG [389764] commandline : C3ZDtFJbnaAg0QbY6MxAAWiBk11Mn24-JhsCr5kZIPU00df
2023-05-31 00:15:19.259 DEBUG [389764]     [Playtime] need to report : false
2023-05-31 00:15:19.259 DEBUG [389764] commandline : C:\Program Files\Unity\Hub\Editor\2021.3.20f1\Editor\Unity.exe
2023-05-31 00:15:19.259 DEBUG [389764] commandline : -projectpath
2023-05-31 00:15:19.259 DEBUG [389764] commandline : C:\Users\PSG\Desktop\Capstone-Design-Project
2023-05-31 00:15:19.259 DEBUG [389764] commandline : -useHub
2023-05-31 00:15:19.259 DEBUG [389764] commandline : -hubIPC
2023-05-31 00:15:19.259 DEBUG [389764] commandline : -cloudEnvironment
2023-05-31 00:15:19.259 DEBUG [389764] commandline : production
2023-05-31 00:15:19.259 DEBUG [389764] commandline : -licensingIpc
2023-05-31 00:15:19.259 DEBUG [389764] commandline : LicenseClient-PSG
2023-05-31 00:15:19.259 DEBUG [389764] commandline : -hubSessionId
2023-05-31 00:15:19.259 DEBUG [389764] commandline : 750af6b6-1d84-43b6-adc2-b6111fdee2bc
2023-05-31 00:15:19.259 DEBUG [389764] commandline : -accessToken
2023-05-31 00:15:19.259 DEBUG [389764] commandline : C3ZDtFJbnaAg0QbY6MxAAWiBk11Mn24-JhsCr5kZIPU00df
2023-05-31 00:15:19.259 DEBUG [389764]     [ConcurrentUser] need to report : false
2023-05-31 00:15:19.282 DEBUG [388892]     -StoveLog rest: response is 200
2023-05-31 00:15:19.282 DEBUG [388892]      -  Send remote log success.
2023-05-31 00:15:19.518 DEBUG [389712]     -StoveLog rest: response is 200
2023-05-31 00:15:19.518 DEBUG [389712]      -  Send remote log success.
2023-05-31 00:15:19.666 DEBUG [293664]     log data:
 {"action_info":{"action_param":{},"action_type":"pcsdk.getuser.try"},"client_time":"2023-05-31 00:15:19","custom_action_info":null,"device_os":"Windows 10(10.0), 10.0.22621, 64bit","environment":"live","game_id":"NTIMES_IND_DEMO_01_IND","guid":"","log_source_type":"pc_sdk","member_no":"150623963","protocol_type":"ipc","sdk_version":"2.5.0"}
2023-05-31 00:15:19.666 DEBUG [293664]     RemoteLog url: http://logs.81plug.com/std_stove
2023-05-31 00:15:19.666 INFO  [293664] --> StovePC_GetUser
2023-05-31 00:15:19.666 INFO  [293664] --> GetUser
2023-05-31 00:15:19.666 DEBUG [293664]     <UserInfo>
memberno: 150623963
nickName: 박새겨리
guid: 
2023-05-31 00:15:19.666 DEBUG [293664]     log data:
 {"action_info":{"action_param":{},"action_type":"pcsdk.onuser"},"client_time":"2023-05-31 00:15:19","custom_action_info":null,"device_os":"Windows 10(10.0), 10.0.22621, 64bit","environment":"live","game_id":"NTIMES_IND_DEMO_01_IND","guid":"","log_source_type":"pc_sdk","member_no":"150623963","protocol_type":"ipc","sdk_version":"2.5.0"}
2023-05-31 00:15:19.666 DEBUG [293664]     RemoteLog url: http://logs.81plug.com/std_stove
2023-05-31 00:15:19.666 DEBUG [293664]     Userinfo callback has pushed in queue.
2023-05-31 00:15:19.666 DEBUG [293664]     log data:
 {"action_info":{"action_param":{},"action_type":"pcsdk.getuser.success"},"client_time":"2023-05-31 00:15:19","custom_action_info":null,"device_os":"Windows 10(10.0), 10.0.22621, 64bit","environment":"live","game_id":"NTIMES_IND_DEMO_01_IND","guid":"","log_source_type":"pc_sdk","member_no":"150623963","protocol_type":"ipc","sdk_version":"2.5.0"}
2023-05-31 00:15:19.666 DEBUG [293664]     RemoteLog url: http://logs.81plug.com/std_stove
2023-05-31 00:15:19.668 DEBUG [293664]     log data:
 {"action_info":{"action_param":{},"action_type":"pcsdk.setstat.try"},"client_time":"2023-05-31 00:15:19","custom_action_info":null,"device_os":"Windows 10(10.0), 10.0.22621, 64bit","environment":"live","game_id":"NTIMES_IND_DEMO_01_IND","guid":"","log_source_type":"pc_sdk","member_no":"150623963","protocol_type":"ipc","sdk_version":"2.5.0"}
2023-05-31 00:15:19.668 DEBUG [293664]     RemoteLog url: http://logs.81plug.com/std_stove
2023-05-31 00:15:19.668 INFO  [293664] --> StovePC_SetStat
2023-05-31 00:15:19.669 DEBUG [293664]     URL: https://api.onstove.com/stats/v2.0/service/NTIMES_IND_DEMO_01_IND/member/150623963/GROWTH_LEVEL
2023-05-31 00:15:19.669 DEBUG [293664]     log data:
 {"action_info":{"action_param":{},"action_type":"pcsdk.setstat.success"},"client_time":"2023-05-31 00:15:19","custom_action_info":null,"device_os":"Windows 10(10.0), 10.0.22621, 64bit","environment":"live","game_id":"NTIMES_IND_DEMO_01_IND","guid":"","log_source_type":"pc_sdk","member_no":"150623963","protocol_type":"ipc","sdk_version":"2.5.0"}
2023-05-31 00:15:19.669 DEBUG [293664]     RemoteLog url: http://logs.81plug.com/std_stove
2023-05-31 00:15:19.709 DEBUG [389712]     -StoveLog rest: response is 200
2023-05-31 00:15:19.709 DEBUG [389712]      -  Send remote log success.
2023-05-31 00:15:19.727 DEBUG [389712]     -StoveLog rest: response is 200
2023-05-31 00:15:19.727 DEBUG [389712]      -  Send remote log success.
2023-05-31 00:15:19.775 DEBUG [389688]     -stats rest: response is 200
2023-05-31 00:15:19.775 INFO  [389688]     - parseSetStat
2023-05-31 00:15:19.775 DEBUG [389688]     <StovePCStatValue>
current_value: 2
updated: 0
error_message: 
2023-05-31 00:15:19.775 DEBUG [389688]     log data:
 {"action_info":{"action_param":{},"action_type":"pcsdk.onsetstat"},"client_time":"2023-05-31 00:15:19","custom_action_info":null,"device_os":"Windows 10(10.0), 10.0.22621, 64bit","environment":"live","game_id":"NTIMES_IND_DEMO_01_IND","guid":"","log_source_type":"pc_sdk","member_no":"150623963","protocol_type":"ipc","sdk_version":"2.5.0"}
2023-05-31 00:15:19.775 DEBUG [389688]     RemoteLog url: http://logs.81plug.com/std_stove
2023-05-31 00:15:19.776 DEBUG [389688]     SetStat callback push queue
2023-05-31 00:15:19.798 DEBUG [364860]     -StoveLog rest: response is 200
2023-05-31 00:15:19.798 DEBUG [364860]      -  Send remote log success.
2023-05-31 00:15:19.952 DEBUG [364860]     -StoveLog rest: response is 200
2023-05-31 00:15:19.952 DEBUG [364860]      -  Send remote log success.
2023-05-31 00:15:19.952 DEBUG [389712]     -StoveLog rest: response is 200
2023-05-31 00:15:19.953 DEBUG [389712]      -  Send remote log success.
2023-05-31 00:15:19.953 DEBUG [389688]     -StoveLog rest: response is 200
2023-05-31 00:15:19.953 DEBUG [389688]      -  Send remote log success.
2023-05-31 00:15:20.705 DEBUG [293664]     log data:
 {"action_info":{"action_param":{},"action_type":"pcsdk.setstat.try"},"client_time":"2023-05-31 00:15:20","custom_action_info":null,"device_os":"Windows 10(10.0), 10.0.22621, 64bit","environment":"live","game_id":"NTIMES_IND_DEMO_01_IND","guid":"","log_source_type":"pc_sdk","member_no":"150623963","protocol_type":"ipc","sdk_version":"2.5.0"}
2023-05-31 00:15:20.705 DEBUG [293664]     RemoteLog url: http://logs.81plug.com/std_stove
2023-05-31 00:15:20.705 INFO  [293664] --> StovePC_SetStat
2023-05-31 00:15:20.705 DEBUG [293664]     URL: https://api.onstove.com/stats/v2.0/service/NTIMES_IND_DEMO_01_IND/member/150623963/RECORD_LEVEL
2023-05-31 00:15:20.705 DEBUG [293664]     log data:
 {"action_info":{"action_param":{},"action_type":"pcsdk.setstat.success"},"client_time":"2023-05-31 00:15:20","custom_action_info":null,"device_os":"Windows 10(10.0), 10.0.22621, 64bit","environment":"live","game_id":"NTIMES_IND_DEMO_01_IND","guid":"","log_source_type":"pc_sdk","member_no":"150623963","protocol_type":"ipc","sdk_version":"2.5.0"}
2023-05-31 00:15:20.705 DEBUG [293664]     RemoteLog url: http://logs.81plug.com/std_stove
2023-05-31 00:15:20.728 DEBUG [389688]     -StoveLog rest: response is 200
2023-05-31 00:15:20.728 DEBUG [389688]      -  Send remote log success.
2023-05-31 00:15:20.748 DEBUG [389688]     -StoveLog rest: response is 200
2023-05-31 00:15:20.748 DEBUG [389688]      -  Send remote log success.
2023-05-31 00:15:20.777 DEBUG [293664]     log data:
 {"action_info":{"action_param":{},"action_type":"pcsdk.getrank.try"},"client_time":"2023-05-31 00:15:20","custom_action_info":null,"device_os":"Windows 10(10.0), 10.0.22621, 64bit","environment":"live","game_id":"NTIMES_IND_DEMO_01_IND","guid":"","log_source_type":"pc_sdk","member_no":"150623963","protocol_type":"ipc","sdk_version":"2.5.0"}
2023-05-31 00:15:20.777 DEBUG [293664]     RemoteLog url: http://logs.81plug.com/std_stove
2023-05-31 00:15:20.777 INFO  [293664] --> StovePC_GetRank
2023-05-31 00:15:20.777 DEBUG [293664]     URL: https://api.onstove.com/zelos/v2.0/rank/NTIMES_IND_DEMO_01_IND|RECORD_LEVEL?page_index=1&page_size=100&user_id=150623963
2023-05-31 00:15:20.777 DEBUG [293664]     log data:
 {"action_info":{"action_param":{},"action_type":"pcsdk.getrank.success"},"client_time":"2023-05-31 00:15:20","custom_action_info":null,"device_os":"Windows 10(10.0), 10.0.22621, 64bit","environment":"live","game_id":"NTIMES_IND_DEMO_01_IND","guid":"","log_source_type":"pc_sdk","member_no":"150623963","protocol_type":"ipc","sdk_version":"2.5.0"}
2023-05-31 00:15:20.777 DEBUG [293664]     RemoteLog url: http://logs.81plug.com/std_stove
2023-05-31 00:15:20.807 DEBUG [388884]     -stats rest: response is 200
2023-05-31 00:15:20.807 INFO  [388884]     - parseSetStat
2023-05-31 00:15:20.807 DEBUG [388884]     <StovePCStatValue>
current_value: 10
updated: 0
error_message: 
2023-05-31 00:15:20.807 DEBUG [388884]     log data:
 {"action_info":{"action_param":{},"action_type":"pcsdk.onsetstat"},"client_time":"2023-05-31 00:15:20","custom_action_info":null,"device_os":"Windows 10(10.0), 10.0.22621, 64bit","environment":"live","game_id":"NTIMES_IND_DEMO_01_IND","guid":"","log_source_type":"pc_sdk","member_no":"150623963","protocol_type":"ipc","sdk_version":"2.5.0"}
2023-05-31 00:15:20.807 DEBUG [388884]     RemoteLog url: http://logs.81plug.com/std_stove
2023-05-31 00:15:20.807 DEBUG [388884]     SetStat callback push queue
2023-05-31 00:15:20.811 DEBUG [389712]     -StoveLog rest: response is 200
2023-05-31 00:15:20.811 DEBUG [389712]      -  Send remote log success.
2023-05-31 00:15:20.832 DEBUG [389712]     -StoveLog rest: response is 200
2023-05-31 00:15:20.832 DEBUG [389712]      -  Send remote log success.
2023-05-31 00:15:21.043 DEBUG [389688]     -StoveLog rest: response is 200
2023-05-31 00:15:21.043 DEBUG [389688]      -  Send remote log success.
2023-05-31 00:15:21.060 DEBUG [388884]     -leaderboard rest: response is 200
2023-05-31 00:15:21.060 INFO  [388884]     - parseGetRank
2023-05-31 00:15:21.060 DEBUG [388884]     rank size 2
2023-05-31 00:15:21.060 DEBUG [388884]     <StovePCRank>
(Index: 0)
member_no: 150623963
score: 10
rank: 1
nickname: 박새겨리
profile_image: https://d2h5doj4xlbun0.cloudfront.net/member-0.0.1367/images/share/profile/img_default04.png
(Index: 1)
member_no: 150623963
score: 10
rank: 1
nickname: 박새겨리
profile_image: https://d2h5doj4xlbun0.cloudfront.net/member-0.0.1367/images/share/profile/img_default04.png
2023-05-31 00:15:21.060 DEBUG [388884]     log data:
 {"action_info":{"action_param":{},"action_type":"pcsdk.onrank"},"client_time":"2023-05-31 00:15:21","custom_action_info":null,"device_os":"Windows 10(10.0), 10.0.22621, 64bit","environment":"live","game_id":"NTIMES_IND_DEMO_01_IND","guid":"","log_source_type":"pc_sdk","member_no":"150623963","protocol_type":"ipc","sdk_version":"2.5.0"}
2023-05-31 00:15:21.061 DEBUG [388884]     RemoteLog url: http://logs.81plug.com/std_stove
2023-05-31 00:15:21.061 DEBUG [388884]     GetRank callback push queue
2023-05-31 00:15:21.086 DEBUG [388884]     -StoveLog rest: response is 200
2023-05-31 00:15:21.086 DEBUG [388884]      -  Send remote log success.
2023-05-31 00:15:23.763 DEBUG [293664]     log data:
 {"action_info":{"action_param":{},"action_type":"pcsdk.getrank.try"},"client_time":"2023-05-31 00:15:23","custom_action_info":null,"device_os":"Windows 10(10.0), 10.0.22621, 64bit","environment":"live","game_id":"NTIMES_IND_DEMO_01_IND","guid":"","log_source_type":"pc_sdk","member_no":"150623963","protocol_type":"ipc","sdk_version":"2.5.0"}
2023-05-31 00:15:23.763 DEBUG [293664]     RemoteLog url: http://logs.81plug.com/std_stove
2023-05-31 00:15:23.763 INFO  [293664] --> StovePC_GetRank
2023-05-31 00:15:23.763 DEBUG [293664]     URL: https://api.onstove.com/zelos/v2.0/rank/NTIMES_IND_DEMO_01_IND|GROWTH_LEVEL?page_index=1&page_size=100&user_id=150623963
2023-05-31 00:15:23.763 DEBUG [293664]     log data:
 {"action_info":{"action_param":{},"action_type":"pcsdk.getrank.success"},"client_time":"2023-05-31 00:15:23","custom_action_info":null,"device_os":"Windows 10(10.0), 10.0.22621, 64bit","environment":"live","game_id":"NTIMES_IND_DEMO_01_IND","guid":"","log_source_type":"pc_sdk","member_no":"150623963","protocol_type":"ipc","sdk_version":"2.5.0"}
2023-05-31 00:15:23.763 DEBUG [293664]     RemoteLog url: http://logs.81plug.com/std_stove
2023-05-31 00:15:23.789 DEBUG [389688]     -StoveLog rest: response is 200
2023-05-31 00:15:23.789 DEBUG [389688]      -  Send remote log success.
2023-05-31 00:15:23.791 DEBUG [389712]     -StoveLog rest: response is 200
2023-05-31 00:15:23.791 DEBUG [389712]      -  Send remote log success.
2023-05-31 00:15:23.909 DEBUG [389712]     -leaderboard rest: response is 200
2023-05-31 00:15:23.909 INFO  [389712]     - parseGetRank
2023-05-31 00:15:23.909 DEBUG [389712]     rank size 2
2023-05-31 00:15:23.909 DEBUG [389712]     <StovePCRank>
(Index: 0)
member_no: 150623963
score: 2
rank: 1
nickname: 박새겨리
profile_image: https://d2h5doj4xlbun0.cloudfront.net/member-0.0.1367/images/share/profile/img_default04.png
(Index: 1)
member_no: 150623963
score: 2
rank: 1
nickname: 박새겨리
profile_image: https://d2h5doj4xlbun0.cloudfront.net/member-0.0.1367/images/share/profile/img_default04.png
2023-05-31 00:15:23.909 DEBUG [389712]     log data:
 {"action_info":{"action_param":{},"action_type":"pcsdk.onrank"},"client_time":"2023-05-31 00:15:23","custom_action_info":null,"device_os":"Windows 10(10.0), 10.0.22621, 64bit","environment":"live","game_id":"NTIMES_IND_DEMO_01_IND","guid":"","log_source_type":"pc_sdk","member_no":"150623963","protocol_type":"ipc","sdk_version":"2.5.0"}
2023-05-31 00:15:23.909 DEBUG [389712]     RemoteLog url: http://logs.81plug.com/std_stove
2023-05-31 00:15:23.909 DEBUG [389712]     GetRank callback push queue
2023-05-31 00:15:23.930 DEBUG [389688]     -StoveLog rest: response is 200
2023-05-31 00:15:23.930 DEBUG [389688]      -  Send remote log success.
2023-05-31 00:15:26.655 DEBUG [293664]     log data:
 {"action_info":{"action_param":{},"action_type":"pcsdk.getrank.try"},"client_time":"2023-05-31 00:15:26","custom_action_info":null,"device_os":"Windows 10(10.0), 10.0.22621, 64bit","environment":"live","game_id":"NTIMES_IND_DEMO_01_IND","guid":"","log_source_type":"pc_sdk","member_no":"150623963","protocol_type":"ipc","sdk_version":"2.5.0"}
2023-05-31 00:15:26.655 DEBUG [293664]     RemoteLog url: http://logs.81plug.com/std_stove
2023-05-31 00:15:26.655 INFO  [293664] --> StovePC_GetRank
2023-05-31 00:15:26.655 DEBUG [293664]     URL: https://api.onstove.com/zelos/v2.0/rank/NTIMES_IND_DEMO_01_IND|RECORD_LEVEL?page_index=1&page_size=100&user_id=150623963
2023-05-31 00:15:26.656 DEBUG [293664]     log data:
 {"action_info":{"action_param":{},"action_type":"pcsdk.getrank.success"},"client_time":"2023-05-31 00:15:26","custom_action_info":null,"device_os":"Windows 10(10.0), 10.0.22621, 64bit","environment":"live","game_id":"NTIMES_IND_DEMO_01_IND","guid":"","log_source_type":"pc_sdk","member_no":"150623963","protocol_type":"ipc","sdk_version":"2.5.0"}
2023-05-31 00:15:26.656 DEBUG [293664]     RemoteLog url: http://logs.81plug.com/std_stove
2023-05-31 00:15:26.749 DEBUG [389688]     -StoveLog rest: response is 200
2023-05-31 00:15:26.749 DEBUG [389688]      -  Send remote log success.
2023-05-31 00:15:26.749 DEBUG [364860]     -StoveLog rest: response is 200
2023-05-31 00:15:26.749 DEBUG [364860]      -  Send remote log success.
2023-05-31 00:15:26.860 DEBUG [389688]     -leaderboard rest: response is 200
2023-05-31 00:15:26.860 INFO  [389688]     - parseGetRank
2023-05-31 00:15:26.860 DEBUG [389688]     rank size 2
2023-05-31 00:15:26.860 DEBUG [389688]     <StovePCRank>
(Index: 0)
member_no: 150623963
score: 10
rank: 1
nickname: 박새겨리
profile_image: https://d2h5doj4xlbun0.cloudfront.net/member-0.0.1367/images/share/profile/img_default04.png
(Index: 1)
member_no: 150623963
score: 10
rank: 1
nickname: 박새겨리
profile_image: https://d2h5doj4xlbun0.cloudfront.net/member-0.0.1367/images/share/profile/img_default04.png
2023-05-31 00:15:26.860 DEBUG [389688]     log data:
 {"action_info":{"action_param":{},"action_type":"pcsdk.onrank"},"client_time":"2023-05-31 00:15:26","custom_action_info":null,"device_os":"Windows 10(10.0), 10.0.22621, 64bit","environment":"live","game_id":"NTIMES_IND_DEMO_01_IND","guid":"","log_source_type":"pc_sdk","member_no":"150623963","protocol_type":"ipc","sdk_version":"2.5.0"}
2023-05-31 00:15:26.860 DEBUG [389688]     RemoteLog url: http://logs.81plug.com/std_stove
2023-05-31 00:15:26.860 DEBUG [389688]     GetRank callback push queue
2023-05-31 00:15:26.921 DEBUG [388892]     -StoveLog rest: response is 200
2023-05-31 00:15:26.922 DEBUG [388892]      -  Send remote log success.
2023-05-31 00:15:29.453 DEBUG [293664]     log data:
 {"action_info":{"action_param":{},"action_type":"pcsdk.getrank.try"},"client_time":"2023-05-31 00:15:29","custom_action_info":null,"device_os":"Windows 10(10.0), 10.0.22621, 64bit","environment":"live","game_id":"NTIMES_IND_DEMO_01_IND","guid":"","log_source_type":"pc_sdk","member_no":"150623963","protocol_type":"ipc","sdk_version":"2.5.0"}
2023-05-31 00:15:29.453 DEBUG [293664]     RemoteLog url: http://logs.81plug.com/std_stove
2023-05-31 00:15:29.453 INFO  [293664] --> StovePC_GetRank
2023-05-31 00:15:29.453 DEBUG [293664]     URL: https://api.onstove.com/zelos/v2.0/rank/NTIMES_IND_DEMO_01_IND|RECORD_LEVEL?page_index=1&page_size=100&user_id=150623963
2023-05-31 00:15:29.453 DEBUG [293664]     log data:
 {"action_info":{"action_param":{},"action_type":"pcsdk.getrank.success"},"client_time":"2023-05-31 00:15:29","custom_action_info":null,"device_os":"Windows 10(10.0), 10.0.22621, 64bit","environment":"live","game_id":"NTIMES_IND_DEMO_01_IND","guid":"","log_source_type":"pc_sdk","member_no":"150623963","protocol_type":"ipc","sdk_version":"2.5.0"}
2023-05-31 00:15:29.453 DEBUG [293664]     RemoteLog url: http://logs.81plug.com/std_stove
2023-05-31 00:15:29.477 DEBUG [388892]     -StoveLog rest: response is 200
2023-05-31 00:15:29.477 DEBUG [388892]      -  Send remote log success.
2023-05-31 00:15:29.477 DEBUG [388884]     -StoveLog rest: response is 200
2023-05-31 00:15:29.477 DEBUG [388884]      -  Send remote log success.
2023-05-31 00:15:29.586 DEBUG [388892]     -leaderboard rest: response is 200
2023-05-31 00:15:29.592 INFO  [388892]     - parseGetRank
2023-05-31 00:15:29.592 DEBUG [388892]     rank size 2
2023-05-31 00:15:29.592 DEBUG [388892]     <StovePCRank>
(Index: 0)
member_no: 150623963
score: 10
rank: 1
nickname: 박새겨리
profile_image: https://d2h5doj4xlbun0.cloudfront.net/member-0.0.1367/images/share/profile/img_default04.png
(Index: 1)
member_no: 150623963
score: 10
rank: 1
nickname: 박새겨리
profile_image: https://d2h5doj4xlbun0.cloudfront.net/member-0.0.1367/images/share/profile/img_default04.png
2023-05-31 00:15:29.592 DEBUG [388892]     log data:
 {"action_info":{"action_param":{},"action_type":"pcsdk.onrank"},"client_time":"2023-05-31 00:15:29","custom_action_info":null,"device_os":"Windows 10(10.0), 10.0.22621, 64bit","environment":"live","game_id":"NTIMES_IND_DEMO_01_IND","guid":"","log_source_type":"pc_sdk","member_no":"150623963","protocol_type":"ipc","sdk_version":"2.5.0"}
2023-05-31 00:15:29.592 DEBUG [388892]     RemoteLog url: http://logs.81plug.com/std_stove
2023-05-31 00:15:29.592 DEBUG [388892]     GetRank callback push queue
2023-05-31 00:15:29.634 DEBUG [388892]     -StoveLog rest: response is 200
2023-05-31 00:15:29.634 DEBUG [388892]      -  Send remote log success.
2023-05-31 00:15:36.445 DEBUG [293664]     log data:
 {"action_info":{"action_param":{},"action_type":"pcsdk.getrank.try"},"client_time":"2023-05-31 00:15:36","custom_action_info":null,"device_os":"Windows 10(10.0), 10.0.22621, 64bit","environment":"live","game_id":"NTIMES_IND_DEMO_01_IND","guid":"","log_source_type":"pc_sdk","member_no":"150623963","protocol_type":"ipc","sdk_version":"2.5.0"}
2023-05-31 00:15:36.445 DEBUG [293664]     RemoteLog url: http://logs.81plug.com/std_stove
2023-05-31 00:15:36.445 INFO  [293664] --> StovePC_GetRank
2023-05-31 00:15:36.446 DEBUG [293664]     URL: https://api.onstove.com/zelos/v2.0/rank/NTIMES_IND_DEMO_01_IND|RECORD_LEVEL?page_index=1&page_size=100&user_id=150623963
2023-05-31 00:15:36.446 DEBUG [293664]     log data:
 {"action_info":{"action_param":{},"action_type":"pcsdk.getrank.success"},"client_time":"2023-05-31 00:15:36","custom_action_info":null,"device_os":"Windows 10(10.0), 10.0.22621, 64bit","environment":"live","game_id":"NTIMES_IND_DEMO_01_IND","guid":"","log_source_type":"pc_sdk","member_no":"150623963","protocol_type":"ipc","sdk_version":"2.5.0"}
2023-05-31 00:15:36.446 DEBUG [293664]     RemoteLog url: http://logs.81plug.com/std_stove
2023-05-31 00:15:36.485 DEBUG [388892]     -StoveLog rest: response is 200
2023-05-31 00:15:36.486 DEBUG [388892]      -  Send remote log success.
2023-05-31 00:15:36.486 DEBUG [388884]     -StoveLog rest: response is 200
2023-05-31 00:15:36.486 DEBUG [388884]      -  Send remote log success.
2023-05-31 00:15:36.606 DEBUG [389712]     -leaderboard rest: response is 200
2023-05-31 00:15:36.606 INFO  [389712]     - parseGetRank
2023-05-31 00:15:36.606 DEBUG [389712]     rank size 2
2023-05-31 00:15:36.606 DEBUG [389712]     <StovePCRank>
(Index: 0)
member_no: 150623963
score: 10
rank: 1
nickname: 박새겨리
profile_image: https://d2h5doj4xlbun0.cloudfront.net/member-0.0.1367/images/share/profile/img_default04.png
(Index: 1)
member_no: 150623963
score: 10
rank: 1
nickname: 박새겨리
profile_image: https://d2h5doj4xlbun0.cloudfront.net/member-0.0.1367/images/share/profile/img_default04.png
2023-05-31 00:15:36.606 DEBUG [389712]     log data:
 {"action_info":{"action_param":{},"action_type":"pcsdk.onrank"},"client_time":"2023-05-31 00:15:36","custom_action_info":null,"device_os":"Windows 10(10.0), 10.0.22621, 64bit","environment":"live","game_id":"NTIMES_IND_DEMO_01_IND","guid":"","log_source_type":"pc_sdk","member_no":"150623963","protocol_type":"ipc","sdk_version":"2.5.0"}
2023-05-31 00:15:36.606 DEBUG [389712]     RemoteLog url: http://logs.81plug.com/std_stove
2023-05-31 00:15:36.606 DEBUG [389712]     GetRank callback push queue
2023-05-31 00:15:36.631 DEBUG [389688]     -StoveLog rest: response is 200
2023-05-31 00:15:36.631 DEBUG [389688]      -  Send remote log success.
2023-05-31 00:15:40.160 DEBUG [293664]     log data:
 {"action_info":{"action_param":{},"action_type":"pcsdk.uninit.try"},"client_time":"2023-05-31 00:15:40","custom_action_info":null,"device_os":"Windows 10(10.0), 10.0.22621, 64bit","environment":"live","game_id":"NTIMES_IND_DEMO_01_IND","guid":"","log_source_type":"pc_sdk","member_no":"150623963","protocol_type":"ipc","sdk_version":"2.5.0"}
2023-05-31 00:15:40.160 DEBUG [293664]     RemoteLog url: http://logs.81plug.com/std_stove
2023-05-31 00:15:40.160 INFO  [293664] --> StovePC_UnInit
2023-05-31 00:15:40.161 DEBUG [293664]     log data:
 {"action_info":{"action_param":{},"action_type":"pcsdk.uninit.success"},"client_time":"2023-05-31 00:15:40","custom_action_info":null,"device_os":"Windows 10(10.0), 10.0.22621, 64bit","environment":"live","game_id":"NTIMES_IND_DEMO_01_IND","guid":"","log_source_type":"pc_sdk","member_no":"150623963","protocol_type":"ipc","sdk_version":"2.5.0"}
2023-05-31 00:15:40.161 DEBUG [293664]     RemoteLog url: http://logs.81plug.com/std_stove
2023-05-31 00:15:40.182 DEBUG [388884]     -StoveLog rest: response is 200
2023-05-31 00:15:40.182 DEBUG [388884]      -  Send remote log success.
2023-05-31 00:15:40.405 DEBUG [389712]     -StoveLog rest: response is 200
2023-05-31 00:15:40.405 DEBUG [389712]      -  Send remote log success.
